#
# There is insufficient memory for the Java Runtime Environment to continue.
# Native memory allocation (malloc) failed to allocate 1139056 bytes for Chunk::new
# Possible reasons:
#   The system is out of physical RAM or swap space
#   In 32 bit mode, the process size limit was hit
# Possible solutions:
#   Reduce memory load on the system
#   Increase physical memory or swap space
#   Check if swap backing store is full
#   Use 64 bit Java on a 64 bit OS
#   Decrease Java heap size (-Xmx/-Xms)
#   Decrease number of Java threads
#   Decrease Java thread stack sizes (-Xss)
#   Set larger code cache with -XX:ReservedCodeCacheSize=
# This output file may be truncated or incomplete.
#
#  Out of Memory Error (allocation.cpp:390), pid=12320, tid=0x0000000000001dbc
#
# JRE version: Java(TM) SE Runtime Environment (8.0_181-b13) (build 1.8.0_181-b13)
# Java VM: Java HotSpot(TM) 64-Bit Server VM (25.181-b13 mixed mode windows-amd64 compressed oops)
# Failed to write core dump. Minidumps are not enabled by default on client versions of Windows
#

---------------  T H R E A D  ---------------

Current thread (0x00000000199b3000):  JavaThread "C2 CompilerThread2" daemon [_thread_in_native, id=7612, stack(0x000000001a380000,0x000000001a480000)]

Stack: [0x000000001a380000,0x000000001a480000]
[error occurred during error reporting (printing stack bounds), id 0xc0000005]

Native frames: (J=compiled Java code, j=interpreted, Vv=VM code, C=native code)


Current CompileTask:
C2:   5904 5479       4       com.sun.tools.javac.comp.Lower::access (714 bytes)


---------------  P R O C E S S  ---------------

Java Threads: ( => current thread )
  0x00000000199ec000 JavaThread "Service Thread" daemon [_thread_blocked, id=11972, stack(0x000000001a580000,0x000000001a680000)]
  0x00000000199bd800 JavaThread "C1 CompilerThread3" daemon [_thread_blocked, id=7336, stack(0x000000001a480000,0x000000001a580000)]
=>0x00000000199b3000 JavaThread "C2 CompilerThread2" daemon [_thread_in_native, id=7612, stack(0x000000001a380000,0x000000001a480000)]
  0x00000000199ae000 JavaThread "C2 CompilerThread1" daemon [_thread_in_native, id=11356, stack(0x000000001a280000,0x000000001a380000)]
  0x00000000199ab000 JavaThread "C2 CompilerThread0" daemon [_thread_in_native, id=3684, stack(0x000000001a180000,0x000000001a280000)]
  0x00000000199a8000 JavaThread "Attach Listener" daemon [_thread_blocked, id=3460, stack(0x000000001a080000,0x000000001a180000)]
  0x00000000199a7000 JavaThread "Signal Dispatcher" daemon [_thread_blocked, id=7096, stack(0x0000000019f80000,0x000000001a080000)]
  0x00000000199a0800 JavaThread "Finalizer" daemon [_thread_blocked, id=2960, stack(0x0000000019d80000,0x0000000019e80000)]
  0x0000000017a9d800 JavaThread "Reference Handler" daemon [_thread_blocked, id=9764, stack(0x0000000019880000,0x0000000019980000)]
  0x000000000286e800 JavaThread "main" [_thread_in_Java, id=12796, stack(0x0000000002910000,0x0000000002a10000)]

Other Threads:
  0x0000000017a99000 VMThread [stack: 0x0000000019780000,0x0000000019880000] [id=13304]
  0x00000000199ee000 WatcherThread [stack: 0x000000001a680000,0x000000001a780000] [id=3660]

VM state:not at safepoint (normal execution)

VM Mutex/Monitor currently owned by a thread: None

Heap:
 PSYoungGen      total 142336K, used 95068K [0x00000000d5e00000, 0x00000000e8b00000, 0x0000000100000000)
  eden space 132096K, 71% used [0x00000000d5e00000,0x00000000dbad7070,0x00000000ddf00000)
  from space 10240K, 0% used [0x00000000ddf00000,0x00000000ddf00000,0x00000000de900000)
  to   space 22016K, 0% used [0x00000000e7580000,0x00000000e7580000,0x00000000e8b00000)
 ParOldGen       total 100864K, used 35303K [0x0000000081a00000, 0x0000000087c80000, 0x00000000d5e00000)
  object space 100864K, 35% used [0x0000000081a00000,0x0000000083c79d58,0x0000000087c80000)
 Metaspace       used 21652K, capacity 22172K, committed 22400K, reserved 1069056K
  class space    used 2427K, capacity 2561K, committed 2688K, reserved 1048576K

Card table byte_map: [0x0000000011ed0000,0x00000000122d0000] byte_map_base: 0x0000000011ac3000

Marking Bits: (ParMarkBitMap*) 0x0000000067522d00
 Begin Bits: [0x0000000012d80000, 0x0000000014d18000)
 End Bits:   [0x0000000014d18000, 0x0000000016cb0000)

Polling page: 0x0000000002870000

CodeCache: size=245760Kb used=20117Kb max_used=20117Kb free=225642Kb
 bounds [0x0000000002b10000, 0x0000000003ed0000, 0x0000000011b10000]
 total_blobs=5514 nmethods=5142 adapters=282
 compilation: enabled

Compilation events (10 events):
Event: 5.897 Thread 0x00000000199bd800 5724       2       com.sun.tools.javac.tree.JCTree$JCCase::<init> (15 bytes)
Event: 5.897 Thread 0x00000000199bd800 nmethod 5724 0x0000000003ec8350 code [0x0000000003ec84a0, 0x0000000003ec8610]
Event: 5.899 Thread 0x00000000199bd800 5725       2       com.sun.tools.javac.jvm.Code::emitop1w (104 bytes)
Event: 5.899 Thread 0x00000000199bd800 nmethod 5725 0x0000000003ec8690 code [0x0000000003ec8860, 0x0000000003ec8be8]
Event: 5.900 Thread 0x00000000199bd800 5726       2       com.sun.tools.javac.jvm.Code$LocalVar::<init> (30 bytes)
Event: 5.900 Thread 0x00000000199bd800 nmethod 5726 0x0000000003ec8ed0 code [0x0000000003ec9020, 0x0000000003ec9210]
Event: 5.902 Thread 0x00000000199bd800 5727       2       com.sun.tools.javac.jvm.Gen::visitTypeCast (96 bytes)
Event: 5.902 Thread 0x00000000199bd800 nmethod 5727 0x0000000003ec92d0 code [0x0000000003ec94a0, 0x0000000003ec9828]
Event: 5.902 Thread 0x00000000199bd800 5728       1       com.sun.tools.javac.jvm.Items$CondItem::mkCond (2 bytes)
Event: 5.902 Thread 0x00000000199bd800 nmethod 5728 0x0000000003ec9bd0 code [0x0000000003ec9d20, 0x0000000003ec9e30]

GC Heap History (10 events):
Event: 1.670 GC heap before
{Heap before GC invocations=4 (full 0):
 PSYoungGen      total 38400K, used 38400K [0x00000000d5e00000, 0x00000000da900000, 0x0000000100000000)
  eden space 33280K, 100% used [0x00000000d5e00000,0x00000000d7e80000,0x00000000d7e80000)
  from space 5120K, 100% used [0x00000000d7e80000,0x00000000d8380000,0x00000000d8380000)
  to   space 5120K, 0% used [0x00000000da400000,0x00000000da400000,0x00000000da900000)
 ParOldGen       total 87552K, used 3414K [0x0000000081a00000, 0x0000000086f80000, 0x00000000d5e00000)
  object space 87552K, 3% used [0x0000000081a00000,0x0000000081d558c0,0x0000000086f80000)
 Metaspace       used 12798K, capacity 13072K, committed 13184K, reserved 1060864K
  class space    used 1538K, capacity 1618K, committed 1664K, reserved 1048576K
Event: 1.676 GC heap after
Heap after GC invocations=4 (full 0):
 PSYoungGen      total 71680K, used 5088K [0x00000000d5e00000, 0x00000000da900000, 0x0000000100000000)
  eden space 66560K, 0% used [0x00000000d5e00000,0x00000000d5e00000,0x00000000d9f00000)
  from space 5120K, 99% used [0x00000000da400000,0x00000000da8f8020,0x00000000da900000)
  to   space 5120K, 0% used [0x00000000d9f00000,0x00000000d9f00000,0x00000000da400000)
 ParOldGen       total 87552K, used 5918K [0x0000000081a00000, 0x0000000086f80000, 0x00000000d5e00000)
  object space 87552K, 6% used [0x0000000081a00000,0x0000000081fc78c0,0x0000000086f80000)
 Metaspace       used 12798K, capacity 13072K, committed 13184K, reserved 1060864K
  class space    used 1538K, capacity 1618K, committed 1664K, reserved 1048576K
}
Event: 2.447 GC heap before
{Heap before GC invocations=5 (full 0):
 PSYoungGen      total 71680K, used 71648K [0x00000000d5e00000, 0x00000000da900000, 0x0000000100000000)
  eden space 66560K, 100% used [0x00000000d5e00000,0x00000000d9f00000,0x00000000d9f00000)
  from space 5120K, 99% used [0x00000000da400000,0x00000000da8f8020,0x00000000da900000)
  to   space 5120K, 0% used [0x00000000d9f00000,0x00000000d9f00000,0x00000000da400000)
 ParOldGen       total 87552K, used 5918K [0x0000000081a00000, 0x0000000086f80000, 0x00000000d5e00000)
  object space 87552K, 6% used [0x0000000081a00000,0x0000000081fc78c0,0x0000000086f80000)
 Metaspace       used 13517K, capacity 13788K, committed 13952K, reserved 1060864K
  class space    used 1610K, capacity 1663K, committed 1664K, reserved 1048576K
Event: 2.457 GC heap after
Heap after GC invocations=5 (full 0):
 PSYoungGen      total 71680K, used 5088K [0x00000000d5e00000, 0x00000000df200000, 0x0000000100000000)
  eden space 66560K, 0% used [0x00000000d5e00000,0x00000000d5e00000,0x00000000d9f00000)
  from space 5120K, 99% used [0x00000000d9f00000,0x00000000da3f8020,0x00000000da400000)
  to   space 9216K, 0% used [0x00000000de900000,0x00000000de900000,0x00000000df200000)
 ParOldGen       total 87552K, used 8830K [0x0000000081a00000, 0x0000000086f80000, 0x00000000d5e00000)
  object space 87552K, 10% used [0x0000000081a00000,0x000000008229f8d8,0x0000000086f80000)
 Metaspace       used 13517K, capacity 13788K, committed 13952K, reserved 1060864K
  class space    used 1610K, capacity 1663K, committed 1664K, reserved 1048576K
}
Event: 3.260 GC heap before
{Heap before GC invocations=6 (full 0):
 PSYoungGen      total 71680K, used 71648K [0x00000000d5e00000, 0x00000000df200000, 0x0000000100000000)
  eden space 66560K, 100% used [0x00000000d5e00000,0x00000000d9f00000,0x00000000d9f00000)
  from space 5120K, 99% used [0x00000000d9f00000,0x00000000da3f8020,0x00000000da400000)
  to   space 9216K, 0% used [0x00000000de900000,0x00000000de900000,0x00000000df200000)
 ParOldGen       total 87552K, used 8830K [0x0000000081a00000, 0x0000000086f80000, 0x00000000d5e00000)
  object space 87552K, 10% used [0x0000000081a00000,0x000000008229f8d8,0x0000000086f80000)
 Metaspace       used 14610K, capacity 15026K, committed 15104K, reserved 1062912K
  class space    used 1706K, capacity 1776K, committed 1792K, reserved 1048576K
Event: 3.279 GC heap after
Heap after GC invocations=6 (full 0):
 PSYoungGen      total 141312K, used 9105K [0x00000000d5e00000, 0x00000000df400000, 0x0000000100000000)
  eden space 132096K, 0% used [0x00000000d5e00000,0x00000000d5e00000,0x00000000ddf00000)
  from space 9216K, 98% used [0x00000000de900000,0x00000000df1e4698,0x00000000df200000)
  to   space 10240K, 0% used [0x00000000ddf00000,0x00000000ddf00000,0x00000000de900000)
 ParOldGen       total 87552K, used 8838K [0x0000000081a00000, 0x0000000086f80000, 0x00000000d5e00000)
  object space 87552K, 10% used [0x0000000081a00000,0x00000000822a18d8,0x0000000086f80000)
 Metaspace       used 14610K, capacity 15026K, committed 15104K, reserved 1062912K
  class space    used 1706K, capacity 1776K, committed 1792K, reserved 1048576K
}
Event: 4.678 GC heap before
{Heap before GC invocations=7 (full 0):
 PSYoungGen      total 141312K, used 116148K [0x00000000d5e00000, 0x00000000df400000, 0x0000000100000000)
  eden space 132096K, 81% used [0x00000000d5e00000,0x00000000dc688a00,0x00000000ddf00000)
  from space 9216K, 98% used [0x00000000de900000,0x00000000df1e4698,0x00000000df200000)
  to   space 10240K, 0% used [0x00000000ddf00000,0x00000000ddf00000,0x00000000de900000)
 ParOldGen       total 87552K, used 8838K [0x0000000081a00000, 0x0000000086f80000, 0x00000000d5e00000)
  object space 87552K, 10% used [0x0000000081a00000,0x00000000822a18d8,0x0000000086f80000)
 Metaspace       used 20687K, capacity 21180K, committed 21248K, reserved 1069056K
  class space    used 2402K, capacity 2529K, committed 2560K, reserved 1048576K
Event: 4.699 GC heap after
Heap after GC invocations=7 (full 0):
 PSYoungGen      total 142336K, used 10231K [0x00000000d5e00000, 0x00000000e8b00000, 0x0000000100000000)
  eden space 132096K, 0% used [0x00000000d5e00000,0x00000000d5e00000,0x00000000ddf00000)
  from space 10240K, 99% used [0x00000000ddf00000,0x00000000de8fdf58,0x00000000de900000)
  to   space 22016K, 0% used [0x00000000e7580000,0x00000000e7580000,0x00000000e8b00000)
 ParOldGen       total 87552K, used 30036K [0x0000000081a00000, 0x0000000086f80000, 0x00000000d5e00000)
  object space 87552K, 34% used [0x0000000081a00000,0x0000000083755080,0x0000000086f80000)
 Metaspace       used 20687K, capacity 21180K, committed 21248K, reserved 1069056K
  class space    used 2402K, capacity 2529K, committed 2560K, reserved 1048576K
}
Event: 4.699 GC heap before
{Heap before GC invocations=8 (full 1):
 PSYoungGen      total 142336K, used 10231K [0x00000000d5e00000, 0x00000000e8b00000, 0x0000000100000000)
  eden space 132096K, 0% used [0x00000000d5e00000,0x00000000d5e00000,0x00000000ddf00000)
  from space 10240K, 99% used [0x00000000ddf00000,0x00000000de8fdf58,0x00000000de900000)
  to   space 22016K, 0% used [0x00000000e7580000,0x00000000e7580000,0x00000000e8b00000)
 ParOldGen       total 87552K, used 30036K [0x0000000081a00000, 0x0000000086f80000, 0x00000000d5e00000)
  object space 87552K, 34% used [0x0000000081a00000,0x0000000083755080,0x0000000086f80000)
 Metaspace       used 20687K, capacity 21180K, committed 21248K, reserved 1069056K
  class space    used 2402K, capacity 2529K, committed 2560K, reserved 1048576K
Event: 4.784 GC heap after
Heap after GC invocations=8 (full 1):
 PSYoungGen      total 142336K, used 0K [0x00000000d5e00000, 0x00000000e8b00000, 0x0000000100000000)
  eden space 132096K, 0% used [0x00000000d5e00000,0x00000000d5e00000,0x00000000ddf00000)
  from space 10240K, 0% used [0x00000000ddf00000,0x00000000ddf00000,0x00000000de900000)
  to   space 22016K, 0% used [0x00000000e7580000,0x00000000e7580000,0x00000000e8b00000)
 ParOldGen       total 100864K, used 35303K [0x0000000081a00000, 0x0000000087c80000, 0x00000000d5e00000)
  object space 100864K, 35% used [0x0000000081a00000,0x0000000083c79d58,0x0000000087c80000)
 Metaspace       used 20687K, capacity 21180K, committed 21248K, reserved 1069056K
  class space    used 2402K, capacity 2529K, committed 2560K, reserved 1048576K
}

Deoptimization events (10 events):
Event: 5.743 Thread 0x000000000286e800 Uncommon trap: reason=unstable_if action=reinterpret pc=0x0000000003e28a88 method=com.sun.tools.javac.code.Types.checkUnsafeVarargsConversion(Lcom/sun/tools/javac/code/Type;Lcom/sun/tools/javac/code/Type;Lcom/sun/tools/javac/util/Warner;)V @ 15
Event: 5.744 Thread 0x000000000286e800 Uncommon trap: reason=unloaded action=reinterpret pc=0x0000000003dce968 method=com.sun.tools.javac.comp.Check.checkDeprecated(Lcom/sun/tools/javac/util/JCDiagnostic$DiagnosticPosition;Lcom/sun/tools/javac/code/Symbol;Lcom/sun/tools/javac/code/Symbol;)V @ 
Event: 5.857 Thread 0x000000000286e800 Uncommon trap: reason=speculate_class_check action=maybe_recompile pc=0x0000000003cb16d0 method=com.sun.tools.javac.code.Type.hasTag(Lcom/sun/tools/javac/code/TypeTag;)Z @ 2
Event: 5.857 Thread 0x000000000286e800 Uncommon trap: reason=speculate_class_check action=maybe_recompile pc=0x0000000003cb16d0 method=com.sun.tools.javac.code.Type.hasTag(Lcom/sun/tools/javac/code/TypeTag;)Z @ 2
Event: 5.857 Thread 0x000000000286e800 Uncommon trap: reason=speculate_class_check action=maybe_recompile pc=0x0000000003ccc194 method=com.sun.tools.javac.code.Type.hasTag(Lcom/sun/tools/javac/code/TypeTag;)Z @ 2
Event: 5.857 Thread 0x000000000286e800 Uncommon trap: reason=speculate_class_check action=maybe_recompile pc=0x0000000003ccc194 method=com.sun.tools.javac.code.Type.hasTag(Lcom/sun/tools/javac/code/TypeTag;)Z @ 2
Event: 5.863 Thread 0x000000000286e800 Uncommon trap: reason=unstable_if action=reinterpret pc=0x0000000003e4e5d8 method=com.sun.tools.javac.comp.Resolve.signatureMoreSpecific(Lcom/sun/tools/javac/util/List;Lcom/sun/tools/javac/comp/Env;Lcom/sun/tools/javac/code/Type;Lcom/sun/tools/javac/code/
Event: 5.864 Thread 0x000000000286e800 Uncommon trap: reason=unstable_if action=reinterpret pc=0x0000000003da254c method=com.sun.tools.javac.comp.Resolve.isAccessible(Lcom/sun/tools/javac/comp/Env;Lcom/sun/tools/javac/code/Symbol$TypeSymbol;Z)Z @ 89
Event: 5.865 Thread 0x000000000286e800 Uncommon trap: reason=class_check action=maybe_recompile pc=0x0000000003ba0c98 method=com.sun.tools.javac.comp.Resolve$AbstractMethodCheck.argumentsAcceptable(Lcom/sun/tools/javac/comp/Env;Lcom/sun/tools/javac/comp/DeferredAttr$DeferredAttrContext;Lcom/su
Event: 5.893 Thread 0x000000000286e800 Uncommon trap: reason=bimorphic action=maybe_recompile pc=0x0000000003ab2f70 method=com.sun.tools.javac.code.Type.isCompound()Z @ 14

Classes redefined (0 events):
No events

Internal exceptions (10 events):
Event: 3.594 Thread 0x000000000286e800 Exception <a 'java/security/PrivilegedActionException'> (0x00000000d7778c20) thrown at [C:\re\workspace\8-2-build-windows-amd64-cygwin\jdk8u181\11358\hotspot\src\share\vm\prims\jvm.cpp, line 1435]
Event: 3.594 Thread 0x000000000286e800 Exception <a 'java/security/PrivilegedActionException'> (0x00000000d7779018) thrown at [C:\re\workspace\8-2-build-windows-amd64-cygwin\jdk8u181\11358\hotspot\src\share\vm\prims\jvm.cpp, line 1435]
Event: 3.840 Thread 0x000000000286e800 Exception <a 'java/io/FileNotFoundException'> (0x00000000d8f58c30) thrown at [C:\re\workspace\8-2-build-windows-amd64-cygwin\jdk8u181\11358\hotspot\src\share\vm\prims\jni.cpp, line 709]
Event: 3.843 Thread 0x000000000286e800 Exception <a 'java/io/FileNotFoundException'> (0x00000000d8f8cf20) thrown at [C:\re\workspace\8-2-build-windows-amd64-cygwin\jdk8u181\11358\hotspot\src\share\vm\prims\jni.cpp, line 709]
Event: 3.866 Thread 0x000000000286e800 Exception <a 'java/io/FileNotFoundException'> (0x00000000d942c138) thrown at [C:\re\workspace\8-2-build-windows-amd64-cygwin\jdk8u181\11358\hotspot\src\share\vm\prims\jni.cpp, line 709]
Event: 3.866 Thread 0x000000000286e800 Exception <a 'java/io/FileNotFoundException'> (0x00000000d942d230) thrown at [C:\re\workspace\8-2-build-windows-amd64-cygwin\jdk8u181\11358\hotspot\src\share\vm\prims\jni.cpp, line 709]
Event: 3.866 Thread 0x000000000286e800 Exception <a 'java/io/FileNotFoundException'> (0x00000000d942e360) thrown at [C:\re\workspace\8-2-build-windows-amd64-cygwin\jdk8u181\11358\hotspot\src\share\vm\prims\jni.cpp, line 709]
Event: 3.866 Thread 0x000000000286e800 Exception <a 'java/io/FileNotFoundException'> (0x00000000d942f490) thrown at [C:\re\workspace\8-2-build-windows-amd64-cygwin\jdk8u181\11358\hotspot\src\share\vm\prims\jni.cpp, line 709]
Event: 3.872 Thread 0x000000000286e800 Exception <a 'java/io/FileNotFoundException'> (0x00000000d9517520) thrown at [C:\re\workspace\8-2-build-windows-amd64-cygwin\jdk8u181\11358\hotspot\src\share\vm\prims\jni.cpp, line 709]
Event: 3.872 Thread 0x000000000286e800 Exception <a 'java/io/FileNotFoundException'> (0x00000000d95185f0) thrown at [C:\re\workspace\8-2-build-windows-amd64-cygwin\jdk8u181\11358\hotspot\src\share\vm\prims\jni.cpp, line 709]

Events (10 events):
Event: 5.864 Thread 0x000000000286e800 DEOPT PACKING pc=0x0000000003da254c sp=0x0000000002a0b6f0
Event: 5.864 Thread 0x000000000286e800 DEOPT UNPACKING pc=0x0000000002b5583b sp=0x0000000002a0b680 mode 2
Event: 5.865 Thread 0x000000000286e800 Uncommon trap: trap_request=0xffffffde fr.pc=0x0000000003ba0c98
Event: 5.865 Thread 0x000000000286e800 DEOPT PACKING pc=0x0000000003ba0c98 sp=0x0000000002a0b840
Event: 5.865 Thread 0x000000000286e800 DEOPT UNPACKING pc=0x0000000002b5583b sp=0x0000000002a0b840 mode 2
Event: 5.893 Thread 0x000000000286e800 Uncommon trap: trap_request=0xffffffc6 fr.pc=0x0000000003ab2f70
Event: 5.893 Thread 0x000000000286e800 DEOPT PACKING pc=0x0000000003ab2f70 sp=0x0000000002a0c8d0
Event: 5.893 Thread 0x000000000286e800 DEOPT UNPACKING pc=0x0000000002b5583b sp=0x0000000002a0c8a0 mode 2
Event: 5.896 Executing VM operation: ForceSafepoint
Event: 5.896 Executing VM operation: ForceSafepoint done


Dynamic libraries:
0x00007ff7cc830000 - 0x00007ff7cc867000 	C:\Program Files\Java\jdk1.8.0_181\bin\java.exe
0x00007ffeeaa10000 - 0x00007ffeeabfb000 	C:\Windows\SYSTEM32\ntdll.dll
0x00007ffec61a0000 - 0x00007ffec61b2000 	C:\Program Files\AVAST Software\Avast\aswhook.dll
0x00007ffeea5d0000 - 0x00007ffeea683000 	C:\Windows\System32\KERNEL32.DLL
0x00007ffee76d0000 - 0x00007ffee7962000 	C:\Windows\System32\KERNELBASE.dll
0x00007ffeea800000 - 0x00007ffeea8a5000 	C:\Windows\System32\ADVAPI32.dll
0x00007ffee7c40000 - 0x00007ffee7cde000 	C:\Windows\System32\msvcrt.dll
0x00007ffeea370000 - 0x00007ffeea40e000 	C:\Windows\System32\sechost.dll
0x00007ffee9260000 - 0x00007ffee9382000 	C:\Windows\System32\RPCRT4.dll
0x00007ffeea020000 - 0x00007ffeea1b7000 	C:\Windows\System32\USER32.dll
0x00007ffee79d0000 - 0x00007ffee79f0000 	C:\Windows\System32\win32u.dll
0x00007ffee9820000 - 0x00007ffee9849000 	C:\Windows\System32\GDI32.dll
0x00007ffee7aa0000 - 0x00007ffee7c3a000 	C:\Windows\System32\gdi32full.dll
0x00007ffee72b0000 - 0x00007ffee7350000 	C:\Windows\System32\msvcp_win.dll
0x00007ffee7350000 - 0x00007ffee744a000 	C:\Windows\System32\ucrtbase.dll
0x00007ffed4140000 - 0x00007ffed43ba000 	C:\Windows\WinSxS\amd64_microsoft.windows.common-controls_6595b64144ccf1df_6.0.17744.1001_none_df3eef9f6bca6b9f\COMCTL32.dll
0x00007ffee9a10000 - 0x00007ffee9d38000 	C:\Windows\System32\combase.dll
0x00007ffee6ae0000 - 0x00007ffee6b5e000 	C:\Windows\System32\bcryptPrimitives.dll
0x00007ffee9ff0000 - 0x00007ffeea01e000 	C:\Windows\System32\IMM32.DLL
0x0000000066c20000 - 0x0000000066cf2000 	C:\Program Files\Java\jdk1.8.0_181\jre\bin\msvcr100.dll
0x0000000066d00000 - 0x00000000675a2000 	C:\Program Files\Java\jdk1.8.0_181\jre\bin\server\jvm.dll
0x00007ffee9850000 - 0x00007ffee9858000 	C:\Windows\System32\PSAPI.DLL
0x00007ffed9ed0000 - 0x00007ffed9ed9000 	C:\Windows\SYSTEM32\WSOCK32.dll
0x00007ffee9ed0000 - 0x00007ffee9f3e000 	C:\Windows\System32\WS2_32.dll
0x00007ffee2120000 - 0x00007ffee2144000 	C:\Windows\SYSTEM32\WINMM.dll
0x00007ffedad50000 - 0x00007ffedad5a000 	C:\Windows\SYSTEM32\VERSION.dll
0x00007ffee1f50000 - 0x00007ffee1f7d000 	C:\Windows\SYSTEM32\WINMMBASE.dll
0x00007ffee7630000 - 0x00007ffee767b000 	C:\Windows\System32\cfgmgr32.dll
0x0000000066bd0000 - 0x0000000066bdf000 	C:\Program Files\Java\jdk1.8.0_181\jre\bin\verify.dll
0x0000000066ba0000 - 0x0000000066bc9000 	C:\Program Files\Java\jdk1.8.0_181\jre\bin\java.dll
0x0000000066b80000 - 0x0000000066b96000 	C:\Program Files\Java\jdk1.8.0_181\jre\bin\zip.dll
0x00007ffee7ce0000 - 0x00007ffee91cc000 	C:\Windows\System32\SHELL32.dll
0x00007ffee9f40000 - 0x00007ffee9fe8000 	C:\Windows\System32\shcore.dll
0x00007ffee6b60000 - 0x00007ffee72a5000 	C:\Windows\System32\windows.storage.dll
0x00007ffee6a30000 - 0x00007ffee6a54000 	C:\Windows\System32\profapi.dll
0x00007ffee6a80000 - 0x00007ffee6add000 	C:\Windows\System32\powrprof.dll
0x00007ffeea570000 - 0x00007ffeea5c2000 	C:\Windows\System32\shlwapi.dll
0x00007ffee6a10000 - 0x00007ffee6a21000 	C:\Windows\System32\kernel.appcore.dll
0x00007ffee76b0000 - 0x00007ffee76c7000 	C:\Windows\System32\cryptsp.dll
0x0000000066b60000 - 0x0000000066b7a000 	C:\Program Files\Java\jdk1.8.0_181\jre\bin\net.dll
0x00007ffee62a0000 - 0x00007ffee6307000 	C:\Windows\system32\mswsock.dll
0x0000000066b40000 - 0x0000000066b51000 	C:\Program Files\Java\jdk1.8.0_181\jre\bin\nio.dll

VM Arguments:
jvm_args: -Dclassworlds.conf=C:\Program Files\NetBeans 8.2\java\maven\bin\m2.conf -Dmaven.home=C:\Program Files\NetBeans 8.2\java\maven 
java_command: org.codehaus.plexus.classworlds.launcher.Launcher -Dmaven.ext.class.path=C:\Program Files\NetBeans 8.2\java\maven-nblib\netbeans-eventspy.jar -Dfile.encoding=UTF-8 clean install
java_class_path (initial): C:\Program Files\NetBeans 8.2\java\maven\boot\plexus-classworlds-2.4.jar
Launcher Type: SUN_STANDARD

Environment Variables:
JAVA_HOME=C:\Program Files\Java\jdk1.8.0_181
PATH=C:\Program Files (x86)\Common Files\Oracle\Java\javapath;C:\Windows\system32;C:\Windows;C:\Windows\System32\Wbem;C:\Windows\System32\WindowsPowerShell\v1.0\;C:\Windows\System32\OpenSSH\;C:\Program Files (x86)\Bitvise SSH Client;C:\Program Files (x86)\Tesseract-OCR;C:\Users\Admin\AppData\Local\Microsoft\WindowsApps;
USERNAME=Admin
OS=Windows_NT
PROCESSOR_IDENTIFIER=Intel64 Family 6 Model 142 Stepping 10, GenuineIntel



---------------  S Y S T E M  ---------------

OS: Windows 10.0 , 64 bit Build 17744 (10.0.17744.1001)

CPU:total 8 (initial active 8) (4 cores per cpu, 2 threads per core) family 6 model 142 stepping 10, cmov, cx8, fxsr, mmx, sse, sse2, sse3, ssse3, sse4.1, sse4.2, popcnt, avx, avx2, aes, clmul, erms, 3dnowpref, lzcnt, ht, tsc, tscinvbit, bmi1, bmi2, adx

Memory: 4k page, physical 8280564k(837888k free), swap 8280564k(5136k free)

vm_info: Java HotSpot(TM) 64-Bit Server VM (25.181-b13) for windows-amd64 JRE (1.8.0_181-b13), built on Jul  7 2018 04:01:33 by "java_re" with MS VC++ 10.0 (VS2010)

time: Tue Jan 22 16:41:47 2019
elapsed time: 5 seconds (0d 0h 0m 5s)

