#
# There is insufficient memory for the Java Runtime Environment to continue.
# Native memory allocation (malloc) failed to allocate 814736 bytes for Chunk::new
# Possible reasons:
#   The system is out of physical RAM or swap space
#   In 32 bit mode, the process size limit was hit
# Possible solutions:
#   Reduce memory load on the system
#   Increase physical memory or swap space
#   Check if swap backing store is full
#   Use 64 bit Java on a 64 bit OS
#   Decrease Java heap size (-Xmx/-Xms)
#   Decrease number of Java threads
#   Decrease Java thread stack sizes (-Xss)
#   Set larger code cache with -XX:ReservedCodeCacheSize=
# This output file may be truncated or incomplete.
#
#  Out of Memory Error (allocation.cpp:390), pid=2792, tid=0x0000000000001dd8
#
# JRE version: Java(TM) SE Runtime Environment (8.0_181-b13) (build 1.8.0_181-b13)
# Java VM: Java HotSpot(TM) 64-Bit Server VM (25.181-b13 mixed mode windows-amd64 compressed oops)
# Failed to write core dump. Minidumps are not enabled by default on client versions of Windows
#

---------------  T H R E A D  ---------------

Current thread (0x0000000019be9000):  JavaThread "C2 CompilerThread2" daemon [_thread_in_native, id=7640, stack(0x000000001a5b0000,0x000000001a6b0000)]

Stack: [0x000000001a5b0000,0x000000001a6b0000]
[error occurred during error reporting (printing stack bounds), id 0xc0000005]

Native frames: (J=compiled Java code, j=interpreted, Vv=VM code, C=native code)


Current CompileTask:
C2:   6651 5253       4       com.sun.tools.javac.code.Types::union (166 bytes)


---------------  P R O C E S S  ---------------

Java Threads: ( => current thread )
  0x0000000019c34800 JavaThread "Service Thread" daemon [_thread_blocked, id=1848, stack(0x000000001a7b0000,0x000000001a8b0000)]
  0x0000000019bed000 JavaThread "C1 CompilerThread3" daemon [_thread_in_native, id=6684, stack(0x000000001a6b0000,0x000000001a7b0000)]
=>0x0000000019be9000 JavaThread "C2 CompilerThread2" daemon [_thread_in_native, id=7640, stack(0x000000001a5b0000,0x000000001a6b0000)]
  0x0000000019be2800 JavaThread "C2 CompilerThread1" daemon [_thread_in_native, id=9428, stack(0x000000001a4b0000,0x000000001a5b0000)]
  0x0000000019bde800 JavaThread "C2 CompilerThread0" daemon [_thread_in_native, id=12068, stack(0x000000001a3b0000,0x000000001a4b0000)]
  0x0000000019bd8000 JavaThread "Attach Listener" daemon [_thread_blocked, id=8580, stack(0x000000001a2b0000,0x000000001a3b0000)]
  0x0000000019bd7000 JavaThread "Signal Dispatcher" daemon [_thread_blocked, id=11604, stack(0x000000001a1b0000,0x000000001a2b0000)]
  0x0000000002d19000 JavaThread "Finalizer" daemon [_thread_blocked, id=10860, stack(0x0000000019fb0000,0x000000001a0b0000)]
  0x0000000002d18000 JavaThread "Reference Handler" daemon [_thread_blocked, id=4108, stack(0x0000000019ab0000,0x0000000019bb0000)]
  0x0000000002c1e800 JavaThread "main" [_thread_in_Java, id=4560, stack(0x0000000002a20000,0x0000000002b20000)]

Other Threads:
  0x0000000017ca9800 VMThread [stack: 0x00000000199b0000,0x0000000019ab0000] [id=6104]
  0x0000000019c37000 WatcherThread [stack: 0x000000001a8b0000,0x000000001a9b0000] [id=13284]

VM state:not at safepoint (normal execution)

VM Mutex/Monitor currently owned by a thread: None

Heap:
 PSYoungGen      total 141824K, used 64866K [0x00000000d5e00000, 0x00000000e4400000, 0x0000000100000000)
  eden space 125440K, 51% used [0x00000000d5e00000,0x00000000d9d58918,0x00000000dd880000)
  from space 16384K, 0% used [0x00000000dd880000,0x00000000dd880000,0x00000000de880000)
  to   space 17408K, 0% used [0x00000000e3300000,0x00000000e3300000,0x00000000e4400000)
 ParOldGen       total 93696K, used 33712K [0x0000000081a00000, 0x0000000087580000, 0x00000000d5e00000)
  object space 93696K, 35% used [0x0000000081a00000,0x0000000083aec0e0,0x0000000087580000)
 Metaspace       used 21515K, capacity 22044K, committed 22400K, reserved 1069056K
  class space    used 2427K, capacity 2561K, committed 2688K, reserved 1048576K

Card table byte_map: [0x00000000120e0000,0x00000000124e0000] byte_map_base: 0x0000000011cd3000

Marking Bits: (ParMarkBitMap*) 0x0000000067522d00
 Begin Bits: [0x0000000012f90000, 0x0000000014f28000)
 End Bits:   [0x0000000014f28000, 0x0000000016ec0000)

Polling page: 0x00000000010a0000

CodeCache: size=245760Kb used=17417Kb max_used=17417Kb free=228342Kb
 bounds [0x0000000002d20000, 0x0000000003e40000, 0x0000000011d20000]
 total_blobs=5150 nmethods=4780 adapters=282
 compilation: enabled

Compilation events (10 events):
Event: 6.635 Thread 0x0000000019bed000 nmethod 5397 0x0000000003e33f10 code [0x0000000003e34080, 0x0000000003e34208]
Event: 6.635 Thread 0x0000000019bed000 5398       2       com.sun.tools.javac.comp.Flow$AssignAnalyzer::visitNewClass (25 bytes)
Event: 6.636 Thread 0x0000000019bed000 nmethod 5398 0x0000000003e34290 code [0x0000000003e34440, 0x0000000003e34868]
Event: 6.636 Thread 0x0000000019bed000 5400       2       com.sun.tools.javac.code.Types$DefaultTypeVisitor::visitTypeVar (7 bytes)
Event: 6.636 Thread 0x0000000019bed000 nmethod 5400 0x0000000003e34c50 code [0x0000000003e34dc0, 0x0000000003e34f48]
Event: 6.643 Thread 0x0000000019bed000 5401       2       com.sun.tools.javac.jvm.Gen::visitNewClass (115 bytes)
Event: 6.644 Thread 0x0000000019bed000 nmethod 5401 0x0000000003e34fd0 code [0x0000000003e351c0, 0x0000000003e356a8]
Event: 6.645 Thread 0x0000000019bed000 5402       2       com.sun.tools.javac.comp.MemberEnter$TypeAnnotate::visitNewClass (13 bytes)
Event: 6.645 Thread 0x0000000019bed000 nmethod 5402 0x0000000003e35b10 code [0x0000000003e35c80, 0x0000000003e35e08]
Event: 6.645 Thread 0x0000000019bed000 5403       2       com.sun.tools.javac.comp.Attr::visitNewClass (1771 bytes)

GC Heap History (10 events):
Event: 2.624 GC heap before
{Heap before GC invocations=6 (full 0):
 PSYoungGen      total 38400K, used 38400K [0x00000000d5e00000, 0x00000000daf00000, 0x0000000100000000)
  eden space 33280K, 100% used [0x00000000d5e00000,0x00000000d7e80000,0x00000000d7e80000)
  from space 5120K, 100% used [0x00000000d7e80000,0x00000000d8380000,0x00000000d8380000)
  to   space 8192K, 0% used [0x00000000da700000,0x00000000da700000,0x00000000daf00000)
 ParOldGen       total 87552K, used 7235K [0x0000000081a00000, 0x0000000086f80000, 0x00000000d5e00000)
  object space 87552K, 8% used [0x0000000081a00000,0x0000000082110c50,0x0000000086f80000)
 Metaspace       used 13493K, capacity 13788K, committed 13952K, reserved 1060864K
  class space    used 1609K, capacity 1663K, committed 1664K, reserved 1048576K
Event: 2.636 GC heap after
Heap after GC invocations=6 (full 0):
 PSYoungGen      total 74752K, used 7104K [0x00000000d5e00000, 0x00000000daf00000, 0x0000000100000000)
  eden space 66560K, 0% used [0x00000000d5e00000,0x00000000d5e00000,0x00000000d9f00000)
  from space 8192K, 86% used [0x00000000da700000,0x00000000dadf0020,0x00000000daf00000)
  to   space 8192K, 0% used [0x00000000d9f00000,0x00000000d9f00000,0x00000000da700000)
 ParOldGen       total 87552K, used 7243K [0x0000000081a00000, 0x0000000086f80000, 0x00000000d5e00000)
  object space 87552K, 8% used [0x0000000081a00000,0x0000000082112c50,0x0000000086f80000)
 Metaspace       used 13493K, capacity 13788K, committed 13952K, reserved 1060864K
  class space    used 1609K, capacity 1663K, committed 1664K, reserved 1048576K
}
Event: 3.513 GC heap before
{Heap before GC invocations=7 (full 0):
 PSYoungGen      total 74752K, used 73664K [0x00000000d5e00000, 0x00000000daf00000, 0x0000000100000000)
  eden space 66560K, 100% used [0x00000000d5e00000,0x00000000d9f00000,0x00000000d9f00000)
  from space 8192K, 86% used [0x00000000da700000,0x00000000dadf0020,0x00000000daf00000)
  to   space 8192K, 0% used [0x00000000d9f00000,0x00000000d9f00000,0x00000000da700000)
 ParOldGen       total 87552K, used 7243K [0x0000000081a00000, 0x0000000086f80000, 0x00000000d5e00000)
  object space 87552K, 8% used [0x0000000081a00000,0x0000000082112c50,0x0000000086f80000)
 Metaspace       used 14470K, capacity 14866K, committed 15104K, reserved 1062912K
  class space    used 1688K, capacity 1744K, committed 1792K, reserved 1048576K
Event: 3.529 GC heap after
Heap after GC invocations=7 (full 0):
 PSYoungGen      total 74752K, used 7711K [0x00000000d5e00000, 0x00000000df100000, 0x0000000100000000)
  eden space 66560K, 0% used [0x00000000d5e00000,0x00000000d5e00000,0x00000000d9f00000)
  from space 8192K, 94% used [0x00000000d9f00000,0x00000000da687f00,0x00000000da700000)
  to   space 8704K, 0% used [0x00000000de880000,0x00000000de880000,0x00000000df100000)
 ParOldGen       total 87552K, used 9865K [0x0000000081a00000, 0x0000000086f80000, 0x00000000d5e00000)
  object space 87552K, 11% used [0x0000000081a00000,0x00000000823a24e0,0x0000000086f80000)
 Metaspace       used 14470K, capacity 14866K, committed 15104K, reserved 1062912K
  class space    used 1688K, capacity 1744K, committed 1792K, reserved 1048576K
}
Event: 4.344 GC heap before
{Heap before GC invocations=8 (full 0):
 PSYoungGen      total 74752K, used 74271K [0x00000000d5e00000, 0x00000000df100000, 0x0000000100000000)
  eden space 66560K, 100% used [0x00000000d5e00000,0x00000000d9f00000,0x00000000d9f00000)
  from space 8192K, 94% used [0x00000000d9f00000,0x00000000da687f00,0x00000000da700000)
  to   space 8704K, 0% used [0x00000000de880000,0x00000000de880000,0x00000000df100000)
 ParOldGen       total 87552K, used 9865K [0x0000000081a00000, 0x0000000086f80000, 0x00000000d5e00000)
  object space 87552K, 11% used [0x0000000081a00000,0x00000000823a24e0,0x0000000086f80000)
 Metaspace       used 19007K, capacity 19548K, committed 19840K, reserved 1067008K
  class space    used 2255K, capacity 2369K, committed 2432K, reserved 1048576K
Event: 4.369 GC heap after
Heap after GC invocations=8 (full 0):
 PSYoungGen      total 134144K, used 8695K [0x00000000d5e00000, 0x00000000e0000000, 0x0000000100000000)
  eden space 125440K, 0% used [0x00000000d5e00000,0x00000000d5e00000,0x00000000dd880000)
  from space 8704K, 99% used [0x00000000de880000,0x00000000df0fdf68,0x00000000df100000)
  to   space 16384K, 0% used [0x00000000dd880000,0x00000000dd880000,0x00000000de880000)
 ParOldGen       total 87552K, used 25643K [0x0000000081a00000, 0x0000000086f80000, 0x00000000d5e00000)
  object space 87552K, 29% used [0x0000000081a00000,0x000000008330af30,0x0000000086f80000)
 Metaspace       used 19007K, capacity 19548K, committed 19840K, reserved 1067008K
  class space    used 2255K, capacity 2369K, committed 2432K, reserved 1048576K
}
Event: 5.384 GC heap before
{Heap before GC invocations=9 (full 0):
 PSYoungGen      total 134144K, used 51650K [0x00000000d5e00000, 0x00000000e0000000, 0x0000000100000000)
  eden space 125440K, 34% used [0x00000000d5e00000,0x00000000d87f2950,0x00000000dd880000)
  from space 8704K, 99% used [0x00000000de880000,0x00000000df0fdf68,0x00000000df100000)
  to   space 16384K, 0% used [0x00000000dd880000,0x00000000dd880000,0x00000000de880000)
 ParOldGen       total 87552K, used 25643K [0x0000000081a00000, 0x0000000086f80000, 0x00000000d5e00000)
  object space 87552K, 29% used [0x0000000081a00000,0x000000008330af30,0x0000000086f80000)
 Metaspace       used 20679K, capacity 21180K, committed 21248K, reserved 1069056K
  class space    used 2401K, capacity 2529K, committed 2560K, reserved 1048576K
Event: 5.403 GC heap after
Heap after GC invocations=9 (full 0):
 PSYoungGen      total 141824K, used 13577K [0x00000000d5e00000, 0x00000000e4400000, 0x0000000100000000)
  eden space 125440K, 0% used [0x00000000d5e00000,0x00000000d5e00000,0x00000000dd880000)
  from space 16384K, 82% used [0x00000000dd880000,0x00000000de5c2550,0x00000000de880000)
  to   space 17408K, 0% used [0x00000000e3300000,0x00000000e3300000,0x00000000e4400000)
 ParOldGen       total 87552K, used 27713K [0x0000000081a00000, 0x0000000086f80000, 0x00000000d5e00000)
  object space 87552K, 31% used [0x0000000081a00000,0x00000000835106d8,0x0000000086f80000)
 Metaspace       used 20679K, capacity 21180K, committed 21248K, reserved 1069056K
  class space    used 2401K, capacity 2529K, committed 2560K, reserved 1048576K
}
Event: 5.403 GC heap before
{Heap before GC invocations=10 (full 1):
 PSYoungGen      total 141824K, used 13577K [0x00000000d5e00000, 0x00000000e4400000, 0x0000000100000000)
  eden space 125440K, 0% used [0x00000000d5e00000,0x00000000d5e00000,0x00000000dd880000)
  from space 16384K, 82% used [0x00000000dd880000,0x00000000de5c2550,0x00000000de880000)
  to   space 17408K, 0% used [0x00000000e3300000,0x00000000e3300000,0x00000000e4400000)
 ParOldGen       total 87552K, used 27713K [0x0000000081a00000, 0x0000000086f80000, 0x00000000d5e00000)
  object space 87552K, 31% used [0x0000000081a00000,0x00000000835106d8,0x0000000086f80000)
 Metaspace       used 20679K, capacity 21180K, committed 21248K, reserved 1069056K
  class space    used 2401K, capacity 2529K, committed 2560K, reserved 1048576K
Event: 5.528 GC heap after
Heap after GC invocations=10 (full 1):
 PSYoungGen      total 141824K, used 0K [0x00000000d5e00000, 0x00000000e4400000, 0x0000000100000000)
  eden space 125440K, 0% used [0x00000000d5e00000,0x00000000d5e00000,0x00000000dd880000)
  from space 16384K, 0% used [0x00000000dd880000,0x00000000dd880000,0x00000000de880000)
  to   space 17408K, 0% used [0x00000000e3300000,0x00000000e3300000,0x00000000e4400000)
 ParOldGen       total 93696K, used 33712K [0x0000000081a00000, 0x0000000087580000, 0x00000000d5e00000)
  object space 93696K, 35% used [0x0000000081a00000,0x0000000083aec0e0,0x0000000087580000)
 Metaspace       used 20679K, capacity 21180K, committed 21248K, reserved 1069056K
  class space    used 2401K, capacity 2529K, committed 2560K, reserved 1048576K
}

Deoptimization events (10 events):
Event: 5.966 Thread 0x0000000002c1e800 Uncommon trap: reason=speculate_class_check action=maybe_recompile pc=0x0000000003d2f574 method=com.sun.tools.javac.code.Type.hasTag(Lcom/sun/tools/javac/code/TypeTag;)Z @ 2
Event: 6.000 Thread 0x0000000002c1e800 Uncommon trap: reason=unstable_if action=reinterpret pc=0x0000000003c655dc method=com.sun.tools.javac.code.Types.isSignaturePolymorphic(Lcom/sun/tools/javac/code/Symbol$MethodSymbol;)Z @ 35
Event: 6.000 Thread 0x0000000002c1e800 Uncommon trap: reason=unstable_if action=reinterpret pc=0x0000000003bbf278 method=com.sun.tools.javac.code.Types.isSignaturePolymorphic(Lcom/sun/tools/javac/code/Symbol$MethodSymbol;)Z @ 35
Event: 6.039 Thread 0x0000000002c1e800 Uncommon trap: reason=bimorphic action=maybe_recompile pc=0x00000000032506f4 method=com.sun.tools.javac.code.Types.isSubtypeUncheckedInternal(Lcom/sun/tools/javac/code/Type;Lcom/sun/tools/javac/code/Type;Lcom/sun/tools/javac/util/Warner;)Z @ 37
Event: 6.039 Thread 0x0000000002c1e800 Uncommon trap: reason=bimorphic action=maybe_recompile pc=0x00000000032506f4 method=com.sun.tools.javac.code.Types.isSubtypeUncheckedInternal(Lcom/sun/tools/javac/code/Type;Lcom/sun/tools/javac/code/Type;Lcom/sun/tools/javac/util/Warner;)Z @ 37
Event: 6.051 Thread 0x0000000002c1e800 Uncommon trap: reason=bimorphic action=maybe_recompile pc=0x00000000032506f4 method=com.sun.tools.javac.code.Types.isSubtypeUncheckedInternal(Lcom/sun/tools/javac/code/Type;Lcom/sun/tools/javac/code/Type;Lcom/sun/tools/javac/util/Warner;)Z @ 37
Event: 6.051 Thread 0x0000000002c1e800 Uncommon trap: reason=bimorphic action=maybe_recompile pc=0x00000000032506f4 method=com.sun.tools.javac.code.Types.isSubtypeUncheckedInternal(Lcom/sun/tools/javac/code/Type;Lcom/sun/tools/javac/code/Type;Lcom/sun/tools/javac/util/Warner;)Z @ 37
Event: 6.069 Thread 0x0000000002c1e800 Uncommon trap: reason=unstable_if action=reinterpret pc=0x0000000003a24198 method=com.sun.tools.javac.util.Convert.chars2utf([CI[BII)I @ 35
Event: 6.069 Thread 0x0000000002c1e800 Uncommon trap: reason=unstable_if action=reinterpret pc=0x0000000003934220 method=com.sun.tools.javac.util.Convert.chars2utf([CI[BII)I @ 35
Event: 6.102 Thread 0x0000000002c1e800 Uncommon trap: reason=unstable_if action=reinterpret pc=0x00000000032217ac method=com.sun.tools.javac.comp.Check.checkDeprecated(Lcom/sun/tools/javac/util/JCDiagnostic$DiagnosticPosition;Lcom/sun/tools/javac/code/Symbol;Lcom/sun/tools/javac/code/Symbol;)V

Classes redefined (0 events):
No events

Internal exceptions (10 events):
Event: 3.980 Thread 0x0000000002c1e800 Exception <a 'java/security/PrivilegedActionException'> (0x00000000d7b11d00) thrown at [C:\re\workspace\8-2-build-windows-amd64-cygwin\jdk8u181\11358\hotspot\src\share\vm\prims\jvm.cpp, line 1435]
Event: 3.980 Thread 0x0000000002c1e800 Exception <a 'java/security/PrivilegedActionException'> (0x00000000d7b120f8) thrown at [C:\re\workspace\8-2-build-windows-amd64-cygwin\jdk8u181\11358\hotspot\src\share\vm\prims\jvm.cpp, line 1435]
Event: 4.265 Thread 0x0000000002c1e800 Exception <a 'java/io/FileNotFoundException'> (0x00000000d92f6928) thrown at [C:\re\workspace\8-2-build-windows-amd64-cygwin\jdk8u181\11358\hotspot\src\share\vm\prims\jni.cpp, line 709]
Event: 4.268 Thread 0x0000000002c1e800 Exception <a 'java/io/FileNotFoundException'> (0x00000000d932ac18) thrown at [C:\re\workspace\8-2-build-windows-amd64-cygwin\jdk8u181\11358\hotspot\src\share\vm\prims\jni.cpp, line 709]
Event: 4.303 Thread 0x0000000002c1e800 Exception <a 'java/io/FileNotFoundException'> (0x00000000d97c9f20) thrown at [C:\re\workspace\8-2-build-windows-amd64-cygwin\jdk8u181\11358\hotspot\src\share\vm\prims\jni.cpp, line 709]
Event: 4.303 Thread 0x0000000002c1e800 Exception <a 'java/io/FileNotFoundException'> (0x00000000d97cb018) thrown at [C:\re\workspace\8-2-build-windows-amd64-cygwin\jdk8u181\11358\hotspot\src\share\vm\prims\jni.cpp, line 709]
Event: 4.303 Thread 0x0000000002c1e800 Exception <a 'java/io/FileNotFoundException'> (0x00000000d97cc148) thrown at [C:\re\workspace\8-2-build-windows-amd64-cygwin\jdk8u181\11358\hotspot\src\share\vm\prims\jni.cpp, line 709]
Event: 4.303 Thread 0x0000000002c1e800 Exception <a 'java/io/FileNotFoundException'> (0x00000000d97cd278) thrown at [C:\re\workspace\8-2-build-windows-amd64-cygwin\jdk8u181\11358\hotspot\src\share\vm\prims\jni.cpp, line 709]
Event: 4.315 Thread 0x0000000002c1e800 Exception <a 'java/io/FileNotFoundException'> (0x00000000d98b57a0) thrown at [C:\re\workspace\8-2-build-windows-amd64-cygwin\jdk8u181\11358\hotspot\src\share\vm\prims\jni.cpp, line 709]
Event: 4.315 Thread 0x0000000002c1e800 Exception <a 'java/io/FileNotFoundException'> (0x00000000d98b6870) thrown at [C:\re\workspace\8-2-build-windows-amd64-cygwin\jdk8u181\11358\hotspot\src\share\vm\prims\jni.cpp, line 709]

Events (10 events):
Event: 6.150 Executing VM operation: ForceSafepoint
Event: 6.150 Executing VM operation: ForceSafepoint done
Event: 6.454 Executing VM operation: ForceSafepoint
Event: 6.454 Executing VM operation: ForceSafepoint done
Event: 6.516 Thread 0x0000000002c1e800 DEOPT PACKING pc=0x0000000003d1ac91 sp=0x0000000002b1c330
Event: 6.516 Thread 0x0000000002c1e800 DEOPT UNPACKING pc=0x0000000002d67890 sp=0x0000000002b1c078 mode 0
Event: 6.634 Thread 0x0000000002c1e800 DEOPT PACKING pc=0x0000000003bf3d7c sp=0x0000000002b1b7c0
Event: 6.634 Thread 0x0000000002c1e800 DEOPT UNPACKING pc=0x0000000002d67890 sp=0x0000000002b1b498 mode 0
Event: 6.634 Thread 0x0000000002c1e800 DEOPT PACKING pc=0x0000000003c5cd23 sp=0x0000000002b1cdb0
Event: 6.634 Thread 0x0000000002c1e800 DEOPT UNPACKING pc=0x0000000002d67890 sp=0x0000000002b1ca98 mode 0


Dynamic libraries:
0x00007ff7cc830000 - 0x00007ff7cc867000 	C:\Program Files\Java\jdk1.8.0_181\bin\java.exe
0x00007ffeeaa10000 - 0x00007ffeeabfb000 	C:\Windows\SYSTEM32\ntdll.dll
0x00007ffec61a0000 - 0x00007ffec61b2000 	C:\Program Files\AVAST Software\Avast\aswhook.dll
0x00007ffeea5d0000 - 0x00007ffeea683000 	C:\Windows\System32\KERNEL32.DLL
0x00007ffee76d0000 - 0x00007ffee7962000 	C:\Windows\System32\KERNELBASE.dll
0x00007ffeea800000 - 0x00007ffeea8a5000 	C:\Windows\System32\ADVAPI32.dll
0x00007ffee7c40000 - 0x00007ffee7cde000 	C:\Windows\System32\msvcrt.dll
0x00007ffeea370000 - 0x00007ffeea40e000 	C:\Windows\System32\sechost.dll
0x00007ffee9260000 - 0x00007ffee9382000 	C:\Windows\System32\RPCRT4.dll
0x00007ffeea020000 - 0x00007ffeea1b7000 	C:\Windows\System32\USER32.dll
0x00007ffee79d0000 - 0x00007ffee79f0000 	C:\Windows\System32\win32u.dll
0x00007ffee9820000 - 0x00007ffee9849000 	C:\Windows\System32\GDI32.dll
0x00007ffee7aa0000 - 0x00007ffee7c3a000 	C:\Windows\System32\gdi32full.dll
0x00007ffee72b0000 - 0x00007ffee7350000 	C:\Windows\System32\msvcp_win.dll
0x00007ffee7350000 - 0x00007ffee744a000 	C:\Windows\System32\ucrtbase.dll
0x00007ffed4140000 - 0x00007ffed43ba000 	C:\Windows\WinSxS\amd64_microsoft.windows.common-controls_6595b64144ccf1df_6.0.17744.1001_none_df3eef9f6bca6b9f\COMCTL32.dll
0x00007ffee9a10000 - 0x00007ffee9d38000 	C:\Windows\System32\combase.dll
0x00007ffee6ae0000 - 0x00007ffee6b5e000 	C:\Windows\System32\bcryptPrimitives.dll
0x00007ffee9ff0000 - 0x00007ffeea01e000 	C:\Windows\System32\IMM32.DLL
0x0000000066c20000 - 0x0000000066cf2000 	C:\Program Files\Java\jdk1.8.0_181\jre\bin\msvcr100.dll
0x0000000066d00000 - 0x00000000675a2000 	C:\Program Files\Java\jdk1.8.0_181\jre\bin\server\jvm.dll
0x00007ffee9850000 - 0x00007ffee9858000 	C:\Windows\System32\PSAPI.DLL
0x00007ffed9ed0000 - 0x00007ffed9ed9000 	C:\Windows\SYSTEM32\WSOCK32.dll
0x00007ffee9ed0000 - 0x00007ffee9f3e000 	C:\Windows\System32\WS2_32.dll
0x00007ffee2120000 - 0x00007ffee2144000 	C:\Windows\SYSTEM32\WINMM.dll
0x00007ffedad50000 - 0x00007ffedad5a000 	C:\Windows\SYSTEM32\VERSION.dll
0x00007ffee1f50000 - 0x00007ffee1f7d000 	C:\Windows\SYSTEM32\WINMMBASE.dll
0x00007ffee7630000 - 0x00007ffee767b000 	C:\Windows\System32\cfgmgr32.dll
0x0000000066bd0000 - 0x0000000066bdf000 	C:\Program Files\Java\jdk1.8.0_181\jre\bin\verify.dll
0x0000000066ba0000 - 0x0000000066bc9000 	C:\Program Files\Java\jdk1.8.0_181\jre\bin\java.dll
0x0000000066b80000 - 0x0000000066b96000 	C:\Program Files\Java\jdk1.8.0_181\jre\bin\zip.dll
0x00007ffee7ce0000 - 0x00007ffee91cc000 	C:\Windows\System32\SHELL32.dll
0x00007ffee9f40000 - 0x00007ffee9fe8000 	C:\Windows\System32\shcore.dll
0x00007ffee6b60000 - 0x00007ffee72a5000 	C:\Windows\System32\windows.storage.dll
0x00007ffee6a30000 - 0x00007ffee6a54000 	C:\Windows\System32\profapi.dll
0x00007ffee6a80000 - 0x00007ffee6add000 	C:\Windows\System32\powrprof.dll
0x00007ffeea570000 - 0x00007ffeea5c2000 	C:\Windows\System32\shlwapi.dll
0x00007ffee6a10000 - 0x00007ffee6a21000 	C:\Windows\System32\kernel.appcore.dll
0x00007ffee76b0000 - 0x00007ffee76c7000 	C:\Windows\System32\cryptsp.dll
0x0000000066b60000 - 0x0000000066b7a000 	C:\Program Files\Java\jdk1.8.0_181\jre\bin\net.dll
0x00007ffee62a0000 - 0x00007ffee6307000 	C:\Windows\system32\mswsock.dll
0x0000000066b40000 - 0x0000000066b51000 	C:\Program Files\Java\jdk1.8.0_181\jre\bin\nio.dll

VM Arguments:
jvm_args: -Dclassworlds.conf=C:\Program Files\NetBeans 8.2\java\maven\bin\m2.conf -Dmaven.home=C:\Program Files\NetBeans 8.2\java\maven 
java_command: org.codehaus.plexus.classworlds.launcher.Launcher -Dmaven.ext.class.path=C:\Program Files\NetBeans 8.2\java\maven-nblib\netbeans-eventspy.jar -Dfile.encoding=UTF-8 clean install
java_class_path (initial): C:\Program Files\NetBeans 8.2\java\maven\boot\plexus-classworlds-2.4.jar
Launcher Type: SUN_STANDARD

Environment Variables:
JAVA_HOME=C:\Program Files\Java\jdk1.8.0_181
PATH=C:\Program Files (x86)\Common Files\Oracle\Java\javapath;C:\Windows\system32;C:\Windows;C:\Windows\System32\Wbem;C:\Windows\System32\WindowsPowerShell\v1.0\;C:\Windows\System32\OpenSSH\;C:\Program Files (x86)\Bitvise SSH Client;C:\Program Files (x86)\Tesseract-OCR;C:\Users\Admin\AppData\Local\Microsoft\WindowsApps;
USERNAME=Admin
OS=Windows_NT
PROCESSOR_IDENTIFIER=Intel64 Family 6 Model 142 Stepping 10, GenuineIntel



---------------  S Y S T E M  ---------------

OS: Windows 10.0 , 64 bit Build 17744 (10.0.17744.1001)

CPU:total 8 (initial active 8) (4 cores per cpu, 2 threads per core) family 6 model 142 stepping 10, cmov, cx8, fxsr, mmx, sse, sse2, sse3, ssse3, sse4.1, sse4.2, popcnt, avx, avx2, aes, clmul, erms, 3dnowpref, lzcnt, ht, tsc, tscinvbit, bmi1, bmi2, adx

Memory: 4k page, physical 8280564k(921296k free), swap 8280564k(5444k free)

vm_info: Java HotSpot(TM) 64-Bit Server VM (25.181-b13) for windows-amd64 JRE (1.8.0_181-b13), built on Jul  7 2018 04:01:33 by "java_re" with MS VC++ 10.0 (VS2010)

time: Tue Jan 22 16:46:58 2019
elapsed time: 6 seconds (0d 0h 0m 6s)

